Analysis & Synthesis report for relogio_descomp
Thu Sep 27 19:18:54 2018
Quartus Prime Version 16.1.0 Build 196 10/24/2016 SJ Lite Edition


---------------------
; Table of Contents ;
---------------------
  1. Legal Notice
  2. Analysis & Synthesis Summary
  3. Analysis & Synthesis Settings
  4. Parallel Compilation
  5. Analysis & Synthesis Source Files Read
  6. Analysis & Synthesis Resource Usage Summary
  7. Analysis & Synthesis Resource Utilization by Entity
  8. State Machine - |relogio_descomp|SM1:mef|fstate
  9. General Register Statistics
 10. Multiplexer Restructuring Statistics (Restructuring Performed)
 11. Parameter Settings for User Entity Instance: fluxodedados:FD|registrador:US_regist
 12. Parameter Settings for User Entity Instance: fluxodedados:FD|registrador:DS_regist
 13. Parameter Settings for User Entity Instance: fluxodedados:FD|registrador:UM_regist
 14. Parameter Settings for User Entity Instance: fluxodedados:FD|registrador:DM_regist
 15. Parameter Settings for User Entity Instance: fluxodedados:FD|registrador:UH_regist
 16. Parameter Settings for User Entity Instance: fluxodedados:FD|registrador:DH_regist
 17. Port Connectivity Checks: "SM1:mef"
 18. Port Connectivity Checks: "conversorHex7Seg:display5"
 19. Port Connectivity Checks: "conversorHex7Seg:display4"
 20. Port Connectivity Checks: "conversorHex7Seg:display3"
 21. Port Connectivity Checks: "conversorHex7Seg:display2"
 22. Port Connectivity Checks: "conversorHex7Seg:display1"
 23. Port Connectivity Checks: "conversorHex7Seg:display0"
 24. Port Connectivity Checks: "fluxodedados:FD|mux:mux_vars"
 25. Port Connectivity Checks: "fluxodedados:FD"
 26. Post-Synthesis Netlist Statistics for Top Partition
 27. Elapsed Time Per Partition
 28. Analysis & Synthesis Messages



----------------
; Legal Notice ;
----------------
Copyright (C) 2016  Intel Corporation. All rights reserved.
Your use of Intel Corporation's design tools, logic functions 
and other software and tools, and its AMPP partner logic 
functions, and any output files from any of the foregoing 
(including device programming or simulation files), and any 
associated documentation or information are expressly subject 
to the terms and conditions of the Intel Program License 
Subscription Agreement, the Intel Quartus Prime License Agreement,
the Intel MegaCore Function License Agreement, or other 
applicable license agreement, including, without limitation, 
that your use is for the sole purpose of programming logic 
devices manufactured by Intel and sold by Intel or its 
authorized distributors.  Please refer to the applicable 
agreement for further details.



+----------------------------------------------------------------------------------+
; Analysis & Synthesis Summary                                                     ;
+------------------------------------+---------------------------------------------+
; Analysis & Synthesis Status        ; Successful - Thu Sep 27 19:18:53 2018       ;
; Quartus Prime Version              ; 16.1.0 Build 196 10/24/2016 SJ Lite Edition ;
; Revision Name                      ; relogio_descomp                             ;
; Top-level Entity Name              ; relogio_descomp                             ;
; Family                             ; Cyclone IV E                                ;
; Total logic elements               ; 177                                         ;
;     Total combinational functions  ; 147                                         ;
;     Dedicated logic registers      ; 69                                          ;
; Total registers                    ; 69                                          ;
; Total pins                         ; 47                                          ;
; Total virtual pins                 ; 0                                           ;
; Total memory bits                  ; 0                                           ;
; Embedded Multiplier 9-bit elements ; 0                                           ;
; Total PLLs                         ; 0                                           ;
+------------------------------------+---------------------------------------------+


+----------------------------------------------------------------------------------------------------------------------+
; Analysis & Synthesis Settings                                                                                        ;
+----------------------------------------------------------------------------+--------------------+--------------------+
; Option                                                                     ; Setting            ; Default Value      ;
+----------------------------------------------------------------------------+--------------------+--------------------+
; Device                                                                     ; EP4CE115F29C7      ;                    ;
; Top-level entity name                                                      ; relogio_descomp    ; relogio_descomp    ;
; Family name                                                                ; Cyclone IV E       ; Cyclone V          ;
; Use smart compilation                                                      ; Off                ; Off                ;
; Enable parallel Assembler and TimeQuest Timing Analyzer during compilation ; On                 ; On                 ;
; Enable compact report table                                                ; Off                ; Off                ;
; Restructure Multiplexers                                                   ; Auto               ; Auto               ;
; Create Debugging Nodes for IP Cores                                        ; Off                ; Off                ;
; Preserve fewer node names                                                  ; On                 ; On                 ;
; OpenCore Plus hardware evaluation                                          ; Enable             ; Enable             ;
; Verilog Version                                                            ; Verilog_2001       ; Verilog_2001       ;
; VHDL Version                                                               ; VHDL_1993          ; VHDL_1993          ;
; State Machine Processing                                                   ; Auto               ; Auto               ;
; Safe State Machine                                                         ; Off                ; Off                ;
; Extract Verilog State Machines                                             ; On                 ; On                 ;
; Extract VHDL State Machines                                                ; On                 ; On                 ;
; Ignore Verilog initial constructs                                          ; Off                ; Off                ;
; Iteration limit for constant Verilog loops                                 ; 5000               ; 5000               ;
; Iteration limit for non-constant Verilog loops                             ; 250                ; 250                ;
; Add Pass-Through Logic to Inferred RAMs                                    ; On                 ; On                 ;
; Infer RAMs from Raw Logic                                                  ; On                 ; On                 ;
; Parallel Synthesis                                                         ; On                 ; On                 ;
; DSP Block Balancing                                                        ; Auto               ; Auto               ;
; NOT Gate Push-Back                                                         ; On                 ; On                 ;
; Power-Up Don't Care                                                        ; On                 ; On                 ;
; Remove Redundant Logic Cells                                               ; Off                ; Off                ;
; Remove Duplicate Registers                                                 ; On                 ; On                 ;
; Ignore CARRY Buffers                                                       ; Off                ; Off                ;
; Ignore CASCADE Buffers                                                     ; Off                ; Off                ;
; Ignore GLOBAL Buffers                                                      ; Off                ; Off                ;
; Ignore ROW GLOBAL Buffers                                                  ; Off                ; Off                ;
; Ignore LCELL Buffers                                                       ; Off                ; Off                ;
; Ignore SOFT Buffers                                                        ; On                 ; On                 ;
; Limit AHDL Integers to 32 Bits                                             ; Off                ; Off                ;
; Optimization Technique                                                     ; Balanced           ; Balanced           ;
; Carry Chain Length                                                         ; 70                 ; 70                 ;
; Auto Carry Chains                                                          ; On                 ; On                 ;
; Auto Open-Drain Pins                                                       ; On                 ; On                 ;
; Perform WYSIWYG Primitive Resynthesis                                      ; Off                ; Off                ;
; Auto ROM Replacement                                                       ; On                 ; On                 ;
; Auto RAM Replacement                                                       ; On                 ; On                 ;
; Auto DSP Block Replacement                                                 ; On                 ; On                 ;
; Auto Shift Register Replacement                                            ; Auto               ; Auto               ;
; Allow Shift Register Merging across Hierarchies                            ; Auto               ; Auto               ;
; Auto Clock Enable Replacement                                              ; On                 ; On                 ;
; Strict RAM Replacement                                                     ; Off                ; Off                ;
; Allow Synchronous Control Signals                                          ; On                 ; On                 ;
; Force Use of Synchronous Clear Signals                                     ; Off                ; Off                ;
; Auto RAM Block Balancing                                                   ; On                 ; On                 ;
; Auto RAM to Logic Cell Conversion                                          ; Off                ; Off                ;
; Auto Resource Sharing                                                      ; Off                ; Off                ;
; Allow Any RAM Size For Recognition                                         ; Off                ; Off                ;
; Allow Any ROM Size For Recognition                                         ; Off                ; Off                ;
; Allow Any Shift Register Size For Recognition                              ; Off                ; Off                ;
; Use LogicLock Constraints during Resource Balancing                        ; On                 ; On                 ;
; Ignore translate_off and synthesis_off directives                          ; Off                ; Off                ;
; Timing-Driven Synthesis                                                    ; On                 ; On                 ;
; Report Parameter Settings                                                  ; On                 ; On                 ;
; Report Source Assignments                                                  ; On                 ; On                 ;
; Report Connectivity Checks                                                 ; On                 ; On                 ;
; Ignore Maximum Fan-Out Assignments                                         ; Off                ; Off                ;
; Synchronization Register Chain Length                                      ; 2                  ; 2                  ;
; PowerPlay Power Optimization During Synthesis                              ; Normal compilation ; Normal compilation ;
; HDL message level                                                          ; Level2             ; Level2             ;
; Suppress Register Optimization Related Messages                            ; Off                ; Off                ;
; Number of Removed Registers Reported in Synthesis Report                   ; 5000               ; 5000               ;
; Number of Swept Nodes Reported in Synthesis Report                         ; 5000               ; 5000               ;
; Number of Inverted Registers Reported in Synthesis Report                  ; 100                ; 100                ;
; Clock MUX Protection                                                       ; On                 ; On                 ;
; Auto Gated Clock Conversion                                                ; Off                ; Off                ;
; Block Design Naming                                                        ; Auto               ; Auto               ;
; SDC constraint protection                                                  ; Off                ; Off                ;
; Synthesis Effort                                                           ; Auto               ; Auto               ;
; Shift Register Replacement - Allow Asynchronous Clear Signal               ; On                 ; On                 ;
; Pre-Mapping Resynthesis Optimization                                       ; Off                ; Off                ;
; Analysis & Synthesis Message Level                                         ; Medium             ; Medium             ;
; Disable Register Merging Across Hierarchies                                ; Auto               ; Auto               ;
; Resource Aware Inference For Block RAM                                     ; On                 ; On                 ;
+----------------------------------------------------------------------------+--------------------+--------------------+


+------------------------------------------+
; Parallel Compilation                     ;
+----------------------------+-------------+
; Processors                 ; Number      ;
+----------------------------+-------------+
; Number detected on machine ; 4           ;
; Maximum allowed            ; 2           ;
;                            ;             ;
; Average used               ; 1.00        ;
; Maximum used               ; 2           ;
;                            ;             ;
; Usage by Processor         ; % Time Used ;
;     Processor 1            ; 100.0%      ;
;     Processor 2            ;   0.0%      ;
+----------------------------+-------------+


+--------------------------------------------------------------------------------------------------------------------------------------+
; Analysis & Synthesis Source Files Read                                                                                               ;
+----------------------------------+-----------------+-----------------+-----------------------------------------------------+---------+
; File Name with User-Entered Path ; Used in Netlist ; File Type       ; File Name with Absolute Path                        ; Library ;
+----------------------------------+-----------------+-----------------+-----------------------------------------------------+---------+
; relogio_descomp.vhd              ; yes             ; User VHDL File  ; C:/Users/vitor/Desktop/relogio/relogio_descomp.vhd  ;         ;
; mux.vhd                          ; yes             ; User VHDL File  ; C:/Users/vitor/Desktop/relogio/mux.vhd              ;         ;
; registrador.vhd                  ; yes             ; User VHDL File  ; C:/Users/vitor/Desktop/relogio/registrador.vhd      ;         ;
; ula.vhd                          ; yes             ; User VHDL File  ; C:/Users/vitor/Desktop/relogio/ula.vhd              ;         ;
; fluxodedados.vhd                 ; yes             ; User VHDL File  ; C:/Users/vitor/Desktop/relogio/fluxodedados.vhd     ;         ;
; SM1.vhd                          ; yes             ; User VHDL File  ; C:/Users/vitor/Desktop/relogio/SM1.vhd              ;         ;
; conversorHex7Seg.vhd             ; yes             ; User VHDL File  ; C:/Users/vitor/Desktop/relogio/conversorHex7Seg.vhd ;         ;
; ClockPrescaler.vhd               ; yes             ; User VHDL File  ; C:/Users/vitor/Desktop/relogio/ClockPrescaler.vhd   ;         ;
+----------------------------------+-----------------+-----------------+-----------------------------------------------------+---------+


+---------------------------------------------------------------------------------+
; Analysis & Synthesis Resource Usage Summary                                     ;
+---------------------------------------------+-----------------------------------+
; Resource                                    ; Usage                             ;
+---------------------------------------------+-----------------------------------+
; Estimated Total logic elements              ; 177                               ;
;                                             ;                                   ;
; Total combinational functions               ; 147                               ;
; Logic element usage by number of LUT inputs ;                                   ;
;     -- 4 input functions                    ; 89                                ;
;     -- 3 input functions                    ; 18                                ;
;     -- <=2 input functions                  ; 40                                ;
;                                             ;                                   ;
; Logic elements by mode                      ;                                   ;
;     -- normal mode                          ; 118                               ;
;     -- arithmetic mode                      ; 29                                ;
;                                             ;                                   ;
; Total registers                             ; 69                                ;
;     -- Dedicated logic registers            ; 69                                ;
;     -- I/O registers                        ; 0                                 ;
;                                             ;                                   ;
; I/O pins                                    ; 47                                ;
;                                             ;                                   ;
; Embedded Multiplier 9-bit elements          ; 0                                 ;
;                                             ;                                   ;
; Maximum fan-out node                        ; ClockPrescaler:prescaler|newClock ;
; Maximum fan-out                             ; 45                                ;
; Total fan-out                               ; 763                               ;
; Average fan-out                             ; 2.46                              ;
+---------------------------------------------+-----------------------------------+


+------------------------------------------------------------------------------------------------------------------------------------------------------------------------------------------------------------------------------------------------------+
; Analysis & Synthesis Resource Utilization by Entity                                                                                                                                                                                                  ;
+--------------------------------+---------------------+---------------------------+-------------+--------------+---------+-----------+------+--------------+--------------------------------------------------------+------------------+--------------+
; Compilation Hierarchy Node     ; Combinational ALUTs ; Dedicated Logic Registers ; Memory Bits ; DSP Elements ; DSP 9x9 ; DSP 18x18 ; Pins ; Virtual Pins ; Full Hierarchy Name                                    ; Entity Name      ; Library Name ;
+--------------------------------+---------------------+---------------------------+-------------+--------------+---------+-----------+------+--------------+--------------------------------------------------------+------------------+--------------+
; |relogio_descomp               ; 147 (0)             ; 69 (0)                    ; 0           ; 0            ; 0       ; 0         ; 47   ; 0            ; |relogio_descomp                                       ; relogio_descomp  ; work         ;
;    |ClockPrescaler:prescaler|  ; 33 (33)             ; 25 (25)                   ; 0           ; 0            ; 0       ; 0         ; 0    ; 0            ; |relogio_descomp|ClockPrescaler:prescaler              ; ClockPrescaler   ; work         ;
;    |SM1:mef|                   ; 32 (32)             ; 20 (20)                   ; 0           ; 0            ; 0       ; 0         ; 0    ; 0            ; |relogio_descomp|SM1:mef                               ; SM1              ; work         ;
;    |conversorHex7Seg:display0| ; 7 (7)               ; 0 (0)                     ; 0           ; 0            ; 0       ; 0         ; 0    ; 0            ; |relogio_descomp|conversorHex7Seg:display0             ; conversorHex7Seg ; work         ;
;    |conversorHex7Seg:display1| ; 7 (7)               ; 0 (0)                     ; 0           ; 0            ; 0       ; 0         ; 0    ; 0            ; |relogio_descomp|conversorHex7Seg:display1             ; conversorHex7Seg ; work         ;
;    |conversorHex7Seg:display2| ; 7 (7)               ; 0 (0)                     ; 0           ; 0            ; 0       ; 0         ; 0    ; 0            ; |relogio_descomp|conversorHex7Seg:display2             ; conversorHex7Seg ; work         ;
;    |conversorHex7Seg:display3| ; 7 (7)               ; 0 (0)                     ; 0           ; 0            ; 0       ; 0         ; 0    ; 0            ; |relogio_descomp|conversorHex7Seg:display3             ; conversorHex7Seg ; work         ;
;    |conversorHex7Seg:display4| ; 7 (7)               ; 0 (0)                     ; 0           ; 0            ; 0       ; 0         ; 0    ; 0            ; |relogio_descomp|conversorHex7Seg:display4             ; conversorHex7Seg ; work         ;
;    |conversorHex7Seg:display5| ; 7 (7)               ; 0 (0)                     ; 0           ; 0            ; 0       ; 0         ; 0    ; 0            ; |relogio_descomp|conversorHex7Seg:display5             ; conversorHex7Seg ; work         ;
;    |fluxodedados:FD|           ; 40 (1)              ; 24 (0)                    ; 0           ; 0            ; 0       ; 0         ; 0    ; 0            ; |relogio_descomp|fluxodedados:FD                       ; fluxodedados     ; work         ;
;       |mux:mux_regs|           ; 16 (16)             ; 0 (0)                     ; 0           ; 0            ; 0       ; 0         ; 0    ; 0            ; |relogio_descomp|fluxodedados:FD|mux:mux_regs          ; mux              ; work         ;
;       |mux:mux_vars|           ; 4 (4)               ; 0 (0)                     ; 0           ; 0            ; 0       ; 0         ; 0    ; 0            ; |relogio_descomp|fluxodedados:FD|mux:mux_vars          ; mux              ; work         ;
;       |registrador:DH_regist|  ; 0 (0)               ; 4 (4)                     ; 0           ; 0            ; 0       ; 0         ; 0    ; 0            ; |relogio_descomp|fluxodedados:FD|registrador:DH_regist ; registrador      ; work         ;
;       |registrador:DM_regist|  ; 0 (0)               ; 4 (4)                     ; 0           ; 0            ; 0       ; 0         ; 0    ; 0            ; |relogio_descomp|fluxodedados:FD|registrador:DM_regist ; registrador      ; work         ;
;       |registrador:DS_regist|  ; 0 (0)               ; 4 (4)                     ; 0           ; 0            ; 0       ; 0         ; 0    ; 0            ; |relogio_descomp|fluxodedados:FD|registrador:DS_regist ; registrador      ; work         ;
;       |registrador:UH_regist|  ; 0 (0)               ; 4 (4)                     ; 0           ; 0            ; 0       ; 0         ; 0    ; 0            ; |relogio_descomp|fluxodedados:FD|registrador:UH_regist ; registrador      ; work         ;
;       |registrador:UM_regist|  ; 0 (0)               ; 4 (4)                     ; 0           ; 0            ; 0       ; 0         ; 0    ; 0            ; |relogio_descomp|fluxodedados:FD|registrador:UM_regist ; registrador      ; work         ;
;       |registrador:US_regist|  ; 0 (0)               ; 4 (4)                     ; 0           ; 0            ; 0       ; 0         ; 0    ; 0            ; |relogio_descomp|fluxodedados:FD|registrador:US_regist ; registrador      ; work         ;
;       |ula:ULA|                ; 19 (19)             ; 0 (0)                     ; 0           ; 0            ; 0       ; 0         ; 0    ; 0            ; |relogio_descomp|fluxodedados:FD|ula:ULA               ; ula              ; work         ;
+--------------------------------+---------------------+---------------------------+-------------+--------------+---------+-----------+------+--------------+--------------------------------------------------------+------------------+--------------+
Note: For table entries with two numbers listed, the numbers in parentheses indicate the number of resources of the given type used by the specific entity alone. The numbers listed outside of parentheses indicate the total resources of the given type used by the specific entity and all of its sub-entities in the hierarchy.


Encoding Type:  One-Hot
+------------------------------------------------------------------------------------------------------------------------------------------------------------------------------------------------------------------------------------------------------------------------------------------------------------------------------------------------------------------------------------------------------------------------------------------------+
; State Machine - |relogio_descomp|SM1:mef|fstate                                                                                                                                                                                                                                                                                                                                                                                                ;
+-----------------------+---------------------+-----------------+-----------------------+---------------+---------------+----------------------+----------------------+---------------------+---------------+----------------------+---------------------+-----------------------+---------------+---------------+---------------------+----------------------+---------------------+---------------+----------------------+---------------------+
; Name                  ; fstate.IncrementaDH ; fstate.ZeraUH_2 ; fstate.ComparaUHCom10 ; fstate.ZeraDH ; fstate.ZeraUH ; fstate.ComparaDHCom2 ; fstate.ComparaUHCom4 ; fstate.IncrementaUH ; fstate.ZeraDM ; fstate.ComparaDMCom6 ; fstate.IncrementaDM ; fstate.ComparaUMCom10 ; fstate.ZeraUM ; fstate.ZeraDS ; fstate.IncrementaUM ; fstate.ComparaDSCom6 ; fstate.IncrementaDS ; fstate.ZeraUS ; fstate.ComparaUSCom9 ; fstate.IncrementaUS ;
+-----------------------+---------------------+-----------------+-----------------------+---------------+---------------+----------------------+----------------------+---------------------+---------------+----------------------+---------------------+-----------------------+---------------+---------------+---------------------+----------------------+---------------------+---------------+----------------------+---------------------+
; fstate.IncrementaUS   ; 0                   ; 0               ; 0                     ; 0             ; 0             ; 0                    ; 0                    ; 0                   ; 0             ; 0                    ; 0                   ; 0                     ; 0             ; 0             ; 0                   ; 0                    ; 0                   ; 0             ; 0                    ; 0                   ;
; fstate.ComparaUSCom9  ; 0                   ; 0               ; 0                     ; 0             ; 0             ; 0                    ; 0                    ; 0                   ; 0             ; 0                    ; 0                   ; 0                     ; 0             ; 0             ; 0                   ; 0                    ; 0                   ; 0             ; 1                    ; 1                   ;
; fstate.ZeraUS         ; 0                   ; 0               ; 0                     ; 0             ; 0             ; 0                    ; 0                    ; 0                   ; 0             ; 0                    ; 0                   ; 0                     ; 0             ; 0             ; 0                   ; 0                    ; 0                   ; 1             ; 0                    ; 1                   ;
; fstate.IncrementaDS   ; 0                   ; 0               ; 0                     ; 0             ; 0             ; 0                    ; 0                    ; 0                   ; 0             ; 0                    ; 0                   ; 0                     ; 0             ; 0             ; 0                   ; 0                    ; 1                   ; 0             ; 0                    ; 1                   ;
; fstate.ComparaDSCom6  ; 0                   ; 0               ; 0                     ; 0             ; 0             ; 0                    ; 0                    ; 0                   ; 0             ; 0                    ; 0                   ; 0                     ; 0             ; 0             ; 0                   ; 1                    ; 0                   ; 0             ; 0                    ; 1                   ;
; fstate.IncrementaUM   ; 0                   ; 0               ; 0                     ; 0             ; 0             ; 0                    ; 0                    ; 0                   ; 0             ; 0                    ; 0                   ; 0                     ; 0             ; 0             ; 1                   ; 0                    ; 0                   ; 0             ; 0                    ; 1                   ;
; fstate.ZeraDS         ; 0                   ; 0               ; 0                     ; 0             ; 0             ; 0                    ; 0                    ; 0                   ; 0             ; 0                    ; 0                   ; 0                     ; 0             ; 1             ; 0                   ; 0                    ; 0                   ; 0             ; 0                    ; 1                   ;
; fstate.ZeraUM         ; 0                   ; 0               ; 0                     ; 0             ; 0             ; 0                    ; 0                    ; 0                   ; 0             ; 0                    ; 0                   ; 0                     ; 1             ; 0             ; 0                   ; 0                    ; 0                   ; 0             ; 0                    ; 1                   ;
; fstate.ComparaUMCom10 ; 0                   ; 0               ; 0                     ; 0             ; 0             ; 0                    ; 0                    ; 0                   ; 0             ; 0                    ; 0                   ; 1                     ; 0             ; 0             ; 0                   ; 0                    ; 0                   ; 0             ; 0                    ; 1                   ;
; fstate.IncrementaDM   ; 0                   ; 0               ; 0                     ; 0             ; 0             ; 0                    ; 0                    ; 0                   ; 0             ; 0                    ; 1                   ; 0                     ; 0             ; 0             ; 0                   ; 0                    ; 0                   ; 0             ; 0                    ; 1                   ;
; fstate.ComparaDMCom6  ; 0                   ; 0               ; 0                     ; 0             ; 0             ; 0                    ; 0                    ; 0                   ; 0             ; 1                    ; 0                   ; 0                     ; 0             ; 0             ; 0                   ; 0                    ; 0                   ; 0             ; 0                    ; 1                   ;
; fstate.ZeraDM         ; 0                   ; 0               ; 0                     ; 0             ; 0             ; 0                    ; 0                    ; 0                   ; 1             ; 0                    ; 0                   ; 0                     ; 0             ; 0             ; 0                   ; 0                    ; 0                   ; 0             ; 0                    ; 1                   ;
; fstate.IncrementaUH   ; 0                   ; 0               ; 0                     ; 0             ; 0             ; 0                    ; 0                    ; 1                   ; 0             ; 0                    ; 0                   ; 0                     ; 0             ; 0             ; 0                   ; 0                    ; 0                   ; 0             ; 0                    ; 1                   ;
; fstate.ComparaUHCom4  ; 0                   ; 0               ; 0                     ; 0             ; 0             ; 0                    ; 1                    ; 0                   ; 0             ; 0                    ; 0                   ; 0                     ; 0             ; 0             ; 0                   ; 0                    ; 0                   ; 0             ; 0                    ; 1                   ;
; fstate.ComparaDHCom2  ; 0                   ; 0               ; 0                     ; 0             ; 0             ; 1                    ; 0                    ; 0                   ; 0             ; 0                    ; 0                   ; 0                     ; 0             ; 0             ; 0                   ; 0                    ; 0                   ; 0             ; 0                    ; 1                   ;
; fstate.ZeraUH         ; 0                   ; 0               ; 0                     ; 0             ; 1             ; 0                    ; 0                    ; 0                   ; 0             ; 0                    ; 0                   ; 0                     ; 0             ; 0             ; 0                   ; 0                    ; 0                   ; 0             ; 0                    ; 1                   ;
; fstate.ZeraDH         ; 0                   ; 0               ; 0                     ; 1             ; 0             ; 0                    ; 0                    ; 0                   ; 0             ; 0                    ; 0                   ; 0                     ; 0             ; 0             ; 0                   ; 0                    ; 0                   ; 0             ; 0                    ; 1                   ;
; fstate.ComparaUHCom10 ; 0                   ; 0               ; 1                     ; 0             ; 0             ; 0                    ; 0                    ; 0                   ; 0             ; 0                    ; 0                   ; 0                     ; 0             ; 0             ; 0                   ; 0                    ; 0                   ; 0             ; 0                    ; 1                   ;
; fstate.ZeraUH_2       ; 0                   ; 1               ; 0                     ; 0             ; 0             ; 0                    ; 0                    ; 0                   ; 0             ; 0                    ; 0                   ; 0                     ; 0             ; 0             ; 0                   ; 0                    ; 0                   ; 0             ; 0                    ; 1                   ;
; fstate.IncrementaDH   ; 1                   ; 0               ; 0                     ; 0             ; 0             ; 0                    ; 0                    ; 0                   ; 0             ; 0                    ; 0                   ; 0                     ; 0             ; 0             ; 0                   ; 0                    ; 0                   ; 0             ; 0                    ; 1                   ;
+-----------------------+---------------------+-----------------+-----------------------+---------------+---------------+----------------------+----------------------+---------------------+---------------+----------------------+---------------------+-----------------------+---------------+---------------+---------------------+----------------------+---------------------+---------------+----------------------+---------------------+


+------------------------------------------------------+
; General Register Statistics                          ;
+----------------------------------------------+-------+
; Statistic                                    ; Value ;
+----------------------------------------------+-------+
; Total registers                              ; 69    ;
; Number of registers using Synchronous Clear  ; 24    ;
; Number of registers using Synchronous Load   ; 0     ;
; Number of registers using Asynchronous Clear ; 0     ;
; Number of registers using Asynchronous Load  ; 0     ;
; Number of registers using Clock Enable       ; 24    ;
; Number of registers using Preset             ; 0     ;
+----------------------------------------------+-------+


+------------------------------------------------------------------------------------------------------------------------------------------------------------------+
; Multiplexer Restructuring Statistics (Restructuring Performed)                                                                                                   ;
+--------------------+-----------+---------------+----------------------+------------------------+------------+----------------------------------------------------+
; Multiplexer Inputs ; Bus Width ; Baseline Area ; Area if Restructured ; Saving if Restructured ; Registered ; Example Multiplexer Output                         ;
+--------------------+-----------+---------------+----------------------+------------------------+------------+----------------------------------------------------+
; 3:1                ; 3 bits    ; 6 LEs         ; 6 LEs                ; 0 LEs                  ; No         ; |relogio_descomp|fluxodedados:FD|ula:ULA|Q[3]      ;
; 8:1                ; 4 bits    ; 20 LEs        ; 16 LEs               ; 4 LEs                  ; No         ; |relogio_descomp|fluxodedados:FD|mux:mux_regs|Mux3 ;
+--------------------+-----------+---------------+----------------------+------------------------+------------+----------------------------------------------------+


+------------------------------------------------------------------------------------+
; Parameter Settings for User Entity Instance: fluxodedados:FD|registrador:US_regist ;
+----------------+-------+-----------------------------------------------------------+
; Parameter Name ; Value ; Type                                                      ;
+----------------+-------+-----------------------------------------------------------+
; vector_size    ; 4     ; Signed Integer                                            ;
+----------------+-------+-----------------------------------------------------------+
Note: In order to hide this table in the UI and the text report file, please set the "Show Parameter Settings in Synthesis Report" option in "Analysis and Synthesis Settings -> More Settings" to "Off".


+------------------------------------------------------------------------------------+
; Parameter Settings for User Entity Instance: fluxodedados:FD|registrador:DS_regist ;
+----------------+-------+-----------------------------------------------------------+
; Parameter Name ; Value ; Type                                                      ;
+----------------+-------+-----------------------------------------------------------+
; vector_size    ; 4     ; Signed Integer                                            ;
+----------------+-------+-----------------------------------------------------------+
Note: In order to hide this table in the UI and the text report file, please set the "Show Parameter Settings in Synthesis Report" option in "Analysis and Synthesis Settings -> More Settings" to "Off".


+------------------------------------------------------------------------------------+
; Parameter Settings for User Entity Instance: fluxodedados:FD|registrador:UM_regist ;
+----------------+-------+-----------------------------------------------------------+
; Parameter Name ; Value ; Type                                                      ;
+----------------+-------+-----------------------------------------------------------+
; vector_size    ; 4     ; Signed Integer                                            ;
+----------------+-------+-----------------------------------------------------------+
Note: In order to hide this table in the UI and the text report file, please set the "Show Parameter Settings in Synthesis Report" option in "Analysis and Synthesis Settings -> More Settings" to "Off".


+------------------------------------------------------------------------------------+
; Parameter Settings for User Entity Instance: fluxodedados:FD|registrador:DM_regist ;
+----------------+-------+-----------------------------------------------------------+
; Parameter Name ; Value ; Type                                                      ;
+----------------+-------+-----------------------------------------------------------+
; vector_size    ; 4     ; Signed Integer                                            ;
+----------------+-------+-----------------------------------------------------------+
Note: In order to hide this table in the UI and the text report file, please set the "Show Parameter Settings in Synthesis Report" option in "Analysis and Synthesis Settings -> More Settings" to "Off".


+------------------------------------------------------------------------------------+
; Parameter Settings for User Entity Instance: fluxodedados:FD|registrador:UH_regist ;
+----------------+-------+-----------------------------------------------------------+
; Parameter Name ; Value ; Type                                                      ;
+----------------+-------+-----------------------------------------------------------+
; vector_size    ; 4     ; Signed Integer                                            ;
+----------------+-------+-----------------------------------------------------------+
Note: In order to hide this table in the UI and the text report file, please set the "Show Parameter Settings in Synthesis Report" option in "Analysis and Synthesis Settings -> More Settings" to "Off".


+------------------------------------------------------------------------------------+
; Parameter Settings for User Entity Instance: fluxodedados:FD|registrador:DH_regist ;
+----------------+-------+-----------------------------------------------------------+
; Parameter Name ; Value ; Type                                                      ;
+----------------+-------+-----------------------------------------------------------+
; vector_size    ; 4     ; Signed Integer                                            ;
+----------------+-------+-----------------------------------------------------------+
Note: In order to hide this table in the UI and the text report file, please set the "Show Parameter Settings in Synthesis Report" option in "Analysis and Synthesis Settings -> More Settings" to "Off".


+-----------------------------------------+
; Port Connectivity Checks: "SM1:mef"     ;
+-------+-------+----------+--------------+
; Port  ; Type  ; Severity ; Details      ;
+-------+-------+----------+--------------+
; reset ; Input ; Info     ; Stuck at GND ;
+-------+-------+----------+--------------+


+-------------------------------------------------------+
; Port Connectivity Checks: "conversorHex7Seg:display5" ;
+----------+-------+----------+-------------------------+
; Port     ; Type  ; Severity ; Details                 ;
+----------+-------+----------+-------------------------+
; apaga    ; Input ; Info     ; Stuck at GND            ;
; negativo ; Input ; Info     ; Stuck at GND            ;
; overflow ; Input ; Info     ; Stuck at GND            ;
+----------+-------+----------+-------------------------+


+-------------------------------------------------------+
; Port Connectivity Checks: "conversorHex7Seg:display4" ;
+----------+-------+----------+-------------------------+
; Port     ; Type  ; Severity ; Details                 ;
+----------+-------+----------+-------------------------+
; apaga    ; Input ; Info     ; Stuck at GND            ;
; negativo ; Input ; Info     ; Stuck at GND            ;
; overflow ; Input ; Info     ; Stuck at GND            ;
+----------+-------+----------+-------------------------+


+-------------------------------------------------------+
; Port Connectivity Checks: "conversorHex7Seg:display3" ;
+----------+-------+----------+-------------------------+
; Port     ; Type  ; Severity ; Details                 ;
+----------+-------+----------+-------------------------+
; apaga    ; Input ; Info     ; Stuck at GND            ;
; negativo ; Input ; Info     ; Stuck at GND            ;
; overflow ; Input ; Info     ; Stuck at GND            ;
+----------+-------+----------+-------------------------+


+-------------------------------------------------------+
; Port Connectivity Checks: "conversorHex7Seg:display2" ;
+----------+-------+----------+-------------------------+
; Port     ; Type  ; Severity ; Details                 ;
+----------+-------+----------+-------------------------+
; apaga    ; Input ; Info     ; Stuck at GND            ;
; negativo ; Input ; Info     ; Stuck at GND            ;
; overflow ; Input ; Info     ; Stuck at GND            ;
+----------+-------+----------+-------------------------+


+-------------------------------------------------------+
; Port Connectivity Checks: "conversorHex7Seg:display1" ;
+----------+-------+----------+-------------------------+
; Port     ; Type  ; Severity ; Details                 ;
+----------+-------+----------+-------------------------+
; apaga    ; Input ; Info     ; Stuck at GND            ;
; negativo ; Input ; Info     ; Stuck at GND            ;
; overflow ; Input ; Info     ; Stuck at GND            ;
+----------+-------+----------+-------------------------+


+-------------------------------------------------------+
; Port Connectivity Checks: "conversorHex7Seg:display0" ;
+----------+-------+----------+-------------------------+
; Port     ; Type  ; Severity ; Details                 ;
+----------+-------+----------+-------------------------+
; apaga    ; Input ; Info     ; Stuck at GND            ;
; negativo ; Input ; Info     ; Stuck at GND            ;
; overflow ; Input ; Info     ; Stuck at GND            ;
+----------+-------+----------+-------------------------+


+----------------------------------------------------------+
; Port Connectivity Checks: "fluxodedados:FD|mux:mux_vars" ;
+---------+-------+----------+-----------------------------+
; Port    ; Type  ; Severity ; Details                     ;
+---------+-------+----------+-----------------------------+
; a[3]    ; Input ; Info     ; Stuck at VCC                ;
; a[2]    ; Input ; Info     ; Stuck at GND                ;
; a[1]    ; Input ; Info     ; Stuck at VCC                ;
; a[0]    ; Input ; Info     ; Stuck at GND                ;
; b[3..1] ; Input ; Info     ; Stuck at GND                ;
; b[0]    ; Input ; Info     ; Stuck at VCC                ;
; c[3..2] ; Input ; Info     ; Stuck at GND                ;
; c[1]    ; Input ; Info     ; Stuck at VCC                ;
; c[0]    ; Input ; Info     ; Stuck at GND                ;
; d[2..1] ; Input ; Info     ; Stuck at VCC                ;
; d[3]    ; Input ; Info     ; Stuck at GND                ;
; d[0]    ; Input ; Info     ; Stuck at GND                ;
; e[1..0] ; Input ; Info     ; Stuck at VCC                ;
; e[3..2] ; Input ; Info     ; Stuck at GND                ;
; f[2..1] ; Input ; Info     ; Stuck at GND                ;
; f[3]    ; Input ; Info     ; Stuck at VCC                ;
; f[0]    ; Input ; Info     ; Stuck at VCC                ;
+---------+-------+----------+-----------------------------+


+---------------------------------------------+
; Port Connectivity Checks: "fluxodedados:FD" ;
+----------+-------+----------+---------------+
; Port     ; Type  ; Severity ; Details       ;
+----------+-------+----------+---------------+
; us_reset ; Input ; Info     ; Stuck at GND  ;
; ds_reset ; Input ; Info     ; Stuck at GND  ;
; um_reset ; Input ; Info     ; Stuck at GND  ;
; dm_reset ; Input ; Info     ; Stuck at GND  ;
; uh_reset ; Input ; Info     ; Stuck at GND  ;
; dh_reset ; Input ; Info     ; Stuck at GND  ;
+----------+-------+----------+---------------+


+-----------------------------------------------------+
; Post-Synthesis Netlist Statistics for Top Partition ;
+-----------------------+-----------------------------+
; Type                  ; Count                       ;
+-----------------------+-----------------------------+
; boundary_port         ; 47                          ;
; cycloneiii_ff         ; 69                          ;
;     ENA               ; 24                          ;
;     SCLR              ; 24                          ;
;     plain             ; 21                          ;
; cycloneiii_lcell_comb ; 147                         ;
;     arith             ; 29                          ;
;         2 data inputs ; 23                          ;
;         3 data inputs ; 6                           ;
;     normal            ; 118                         ;
;         1 data inputs ; 2                           ;
;         2 data inputs ; 15                          ;
;         3 data inputs ; 12                          ;
;         4 data inputs ; 89                          ;
;                       ;                             ;
; Max LUT depth         ; 10.30                       ;
; Average LUT depth     ; 5.37                        ;
+-----------------------+-----------------------------+


+-------------------------------+
; Elapsed Time Per Partition    ;
+----------------+--------------+
; Partition Name ; Elapsed Time ;
+----------------+--------------+
; Top            ; 00:00:01     ;
+----------------+--------------+


+-------------------------------+
; Analysis & Synthesis Messages ;
+-------------------------------+
Info: *******************************************************************
Info: Running Quartus Prime Analysis & Synthesis
    Info: Version 16.1.0 Build 196 10/24/2016 SJ Lite Edition
    Info: Processing started: Thu Sep 27 19:18:34 2018
Info: Command: quartus_map --read_settings_files=on --write_settings_files=off relogio_descomp -c relogio_descomp
Warning (18236): Number of processors has not been specified which may cause overloading on shared machines.  Set the global assignment NUM_PARALLEL_PROCESSORS in your QSF to an appropriate value for best performance.
Info (20030): Parallel compilation is enabled and will use 2 of the 2 processors detected
Info (12021): Found 2 design units, including 1 entities, in source file relogio_descomp.vhd
    Info (12022): Found design unit 1: relogio_descomp-comportamento File: C:/Users/vitor/Desktop/relogio/relogio_descomp.vhd Line: 17
    Info (12023): Found entity 1: relogio_descomp File: C:/Users/vitor/Desktop/relogio/relogio_descomp.vhd Line: 5
Warning (12090): Entity "mux" obtained from "mux.vhd" instead of from Quartus Prime megafunction library File: C:/Users/vitor/Desktop/relogio/mux.vhd Line: 4
Info (12021): Found 2 design units, including 1 entities, in source file mux.vhd
    Info (12022): Found design unit 1: mux-mux_arch File: C:/Users/vitor/Desktop/relogio/mux.vhd Line: 10
    Info (12023): Found entity 1: mux File: C:/Users/vitor/Desktop/relogio/mux.vhd Line: 4
Info (12021): Found 2 design units, including 1 entities, in source file registrador.vhd
    Info (12022): Found design unit 1: registrador-reg_arch File: C:/Users/vitor/Desktop/relogio/registrador.vhd Line: 15
    Info (12023): Found entity 1: registrador File: C:/Users/vitor/Desktop/relogio/registrador.vhd Line: 4
Info (12021): Found 2 design units, including 1 entities, in source file ula.vhd
    Info (12022): Found design unit 1: ula-Behavioral File: C:/Users/vitor/Desktop/relogio/ula.vhd Line: 13
    Info (12023): Found entity 1: ula File: C:/Users/vitor/Desktop/relogio/ula.vhd Line: 5
Info (12021): Found 2 design units, including 1 entities, in source file fluxodedados.vhd
    Info (12022): Found design unit 1: fluxodedados-fluxo_arch File: C:/Users/vitor/Desktop/relogio/fluxodedados.vhd Line: 15
    Info (12023): Found entity 1: fluxodedados File: C:/Users/vitor/Desktop/relogio/fluxodedados.vhd Line: 5
Info (12021): Found 2 design units, including 1 entities, in source file sm1.vhd
    Info (12022): Found design unit 1: SM1-BEHAVIOR File: C:/Users/vitor/Desktop/relogio/SM1.vhd Line: 31
    Info (12023): Found entity 1: SM1 File: C:/Users/vitor/Desktop/relogio/SM1.vhd Line: 22
Info (12021): Found 2 design units, including 1 entities, in source file conversorhex7seg.vhd
    Info (12022): Found design unit 1: conversorHex7Seg-comportamento File: C:/Users/vitor/Desktop/relogio/conversorHex7Seg.vhd Line: 17
    Info (12023): Found entity 1: conversorHex7Seg File: C:/Users/vitor/Desktop/relogio/conversorHex7Seg.vhd Line: 4
Info (12021): Found 2 design units, including 1 entities, in source file clockprescaler.vhd
    Info (12022): Found design unit 1: ClockPrescaler-Behavioral File: C:/Users/vitor/Desktop/relogio/ClockPrescaler.vhd Line: 12
    Info (12023): Found entity 1: ClockPrescaler File: C:/Users/vitor/Desktop/relogio/ClockPrescaler.vhd Line: 5
Info (12127): Elaborating entity "relogio_descomp" for the top level hierarchy
Info (12129): Elaborating entity "fluxodedados" using architecture "A:fluxo_arch" for hierarchy "fluxodedados:FD" File: C:/Users/vitor/Desktop/relogio/relogio_descomp.vhd Line: 33
Info (12128): Elaborating entity "ula" for hierarchy "fluxodedados:FD|ula:ULA" File: C:/Users/vitor/Desktop/relogio/fluxodedados.vhd Line: 20
Warning (10036): Verilog HDL or VHDL warning at ula.vhd(15): object "R1" assigned a value but never read File: C:/Users/vitor/Desktop/relogio/ula.vhd Line: 15
Warning (10036): Verilog HDL or VHDL warning at ula.vhd(15): object "R2" assigned a value but never read File: C:/Users/vitor/Desktop/relogio/ula.vhd Line: 15
Info (12128): Elaborating entity "registrador" for hierarchy "fluxodedados:FD|registrador:US_regist" File: C:/Users/vitor/Desktop/relogio/fluxodedados.vhd Line: 22
Info (12128): Elaborating entity "mux" for hierarchy "fluxodedados:FD|mux:mux_regs" File: C:/Users/vitor/Desktop/relogio/fluxodedados.vhd Line: 29
Warning (10492): VHDL Process Statement warning at mux.vhd(16): signal "A" is read inside the Process Statement but isn't in the Process Statement's sensitivity list File: C:/Users/vitor/Desktop/relogio/mux.vhd Line: 16
Warning (10492): VHDL Process Statement warning at mux.vhd(18): signal "B" is read inside the Process Statement but isn't in the Process Statement's sensitivity list File: C:/Users/vitor/Desktop/relogio/mux.vhd Line: 18
Warning (10492): VHDL Process Statement warning at mux.vhd(20): signal "C" is read inside the Process Statement but isn't in the Process Statement's sensitivity list File: C:/Users/vitor/Desktop/relogio/mux.vhd Line: 20
Warning (10492): VHDL Process Statement warning at mux.vhd(22): signal "D" is read inside the Process Statement but isn't in the Process Statement's sensitivity list File: C:/Users/vitor/Desktop/relogio/mux.vhd Line: 22
Warning (10492): VHDL Process Statement warning at mux.vhd(24): signal "E" is read inside the Process Statement but isn't in the Process Statement's sensitivity list File: C:/Users/vitor/Desktop/relogio/mux.vhd Line: 24
Warning (10492): VHDL Process Statement warning at mux.vhd(26): signal "F" is read inside the Process Statement but isn't in the Process Statement's sensitivity list File: C:/Users/vitor/Desktop/relogio/mux.vhd Line: 26
Info (12128): Elaborating entity "ClockPrescaler" for hierarchy "ClockPrescaler:prescaler" File: C:/Users/vitor/Desktop/relogio/relogio_descomp.vhd Line: 49
Warning (10540): VHDL Signal Declaration warning at ClockPrescaler.vhd(14): used explicit default value for signal "prescaler" because signal was never assigned a value File: C:/Users/vitor/Desktop/relogio/ClockPrescaler.vhd Line: 14
Info (12128): Elaborating entity "conversorHex7Seg" for hierarchy "conversorHex7Seg:display0" File: C:/Users/vitor/Desktop/relogio/relogio_descomp.vhd Line: 55
Info (12128): Elaborating entity "SM1" for hierarchy "SM1:mef" File: C:/Users/vitor/Desktop/relogio/relogio_descomp.vhd Line: 73
Info (286030): Timing-Driven Synthesis is running
Info (16010): Generating hard_block partition "hard_block:auto_generated_inst"
    Info (16011): Adding 0 node(s), including 0 DDIO, 0 PLL, 0 transceiver and 0 LCELL
Warning (21074): Design contains 4 input pin(s) that do not drive logic
    Warning (15610): No output dependent on input pin "KEY[0]" File: C:/Users/vitor/Desktop/relogio/relogio_descomp.vhd Line: 9
    Warning (15610): No output dependent on input pin "KEY[1]" File: C:/Users/vitor/Desktop/relogio/relogio_descomp.vhd Line: 9
    Warning (15610): No output dependent on input pin "KEY[2]" File: C:/Users/vitor/Desktop/relogio/relogio_descomp.vhd Line: 9
    Warning (15610): No output dependent on input pin "KEY[3]" File: C:/Users/vitor/Desktop/relogio/relogio_descomp.vhd Line: 9
Info (21057): Implemented 228 device resources after synthesis - the final resource count might be different
    Info (21058): Implemented 5 input pins
    Info (21059): Implemented 42 output pins
    Info (21061): Implemented 181 logic cells
Info: Quartus Prime Analysis & Synthesis was successful. 0 errors, 16 warnings
    Info: Peak virtual memory: 4813 megabytes
    Info: Processing ended: Thu Sep 27 19:18:54 2018
    Info: Elapsed time: 00:00:20
    Info: Total CPU time (on all processors): 00:00:42


